Building DAG of jobs...
Provided cores: 1 (use --cores to define parallelism)
Rules claiming more threads will be scaled down.
Job stats:
job                       count    min threads    max threads
----------------------  -------  -------------  -------------
create_baseline_models        1              1              1
total                         1              1              1

Select jobs to execute...

[Mon Apr 10 14:32:59 2023]
Job 0: Creates random baseline models using inferred links and calculate ep for random models
Reason: Missing output files: C:/Users/nourisa/Documents/testProjs/proteomics_MSC_Mg_model/scripts/../results/model_selection/baseline_scores/ep_scores_early_KNN.csv, C:/Users/nourisa/Documents/testProjs/proteomics_MSC_Mg_model/scripts/../results/model_selection/baseline_scores/ep_scores_late_KNN.csv, C:/Users/nourisa/Documents/testProjs/proteomics_MSC_Mg_model/scripts/../results/model_selection/baseline_scores/ep_scores_early_MinProb.csv, C:/Users/nourisa/Documents/testProjs/proteomics_MSC_Mg_model/scripts/../results/model_selection/baseline_scores/ep_scores_late_MinProb.csv

Failed to set marker file for job started ([WinError 3] The system cannot find the path specified: 'C:\\Users\\nourisa\\Documents\\testProjs\\proteomics_MSC_Mg_model\\.snakemake\\incomplete\\tmpwv3uyx2n.QzovVXNl' -> 'C:\\Users\\nourisa\\Documents\\testProjs\\proteomics_MSC_Mg_model\\.snakemake\\incomplete\\QzovVXNlcnMvbm91cmlzYS9Eb2N1bWVudHMvdGVzdFByb2pzL3Byb3Rlb21pY3NfTVNDX01nX21vZGVsL3NjcmlwdHMvLi4vcmVzdWx0cy9tb2RlbF9zZWxlY3Rpb24vYmFzZWxpbmVfc2NvcmVzL2VwX3Njb3Jlc19lYXJseV9NaW5Qcm9iLmNzdg=='). Snakemake will work, but cannot ensure that output files are complete in case of a kill signal or power loss. Please ensure write permissions for the directory C:\Users\nourisa\Documents\testProjs\proteomics_MSC_Mg_model\.snakemake
[Mon Apr 10 14:33:05 2023]
Error in rule create_baseline_models:
    jobid: 0
    input: C:/Users/nourisa/Documents/testProjs/proteomics_MSC_Mg_model/scripts/../results/GRN/RF/Links_early_MinProb_ctr.csv, C:/Users/nourisa/Documents/testProjs/proteomics_MSC_Mg_model/scripts/../results/GRN/RF/Links_early_MinProb_mg.csv, C:/Users/nourisa/Documents/testProjs/proteomics_MSC_Mg_model/scripts/../results/GRN/RF/Links_early_KNN_ctr.csv, C:/Users/nourisa/Documents/testProjs/proteomics_MSC_Mg_model/scripts/../results/GRN/RF/Links_early_KNN_mg.csv, C:/Users/nourisa/Documents/testProjs/proteomics_MSC_Mg_model/scripts/../results/GRN/RF/Links_late_MinProb_ctr.csv, C:/Users/nourisa/Documents/testProjs/proteomics_MSC_Mg_model/scripts/../results/GRN/RF/Links_late_MinProb_mg.csv, C:/Users/nourisa/Documents/testProjs/proteomics_MSC_Mg_model/scripts/../results/GRN/RF/Links_late_KNN_ctr.csv, C:/Users/nourisa/Documents/testProjs/proteomics_MSC_Mg_model/scripts/../results/GRN/RF/Links_late_KNN_mg.csv, C:/Users/nourisa/Documents/testProjs/proteomics_MSC_Mg_model/scripts/../results/GRN/ridge/Links_early_MinProb_ctr.csv, C:/Users/nourisa/Documents/testProjs/proteomics_MSC_Mg_model/scripts/../results/GRN/ridge/Links_early_MinProb_mg.csv, C:/Users/nourisa/Documents/testProjs/proteomics_MSC_Mg_model/scripts/../results/GRN/ridge/Links_early_KNN_ctr.csv, C:/Users/nourisa/Documents/testProjs/proteomics_MSC_Mg_model/scripts/../results/GRN/ridge/Links_early_KNN_mg.csv, C:/Users/nourisa/Documents/testProjs/proteomics_MSC_Mg_model/scripts/../results/GRN/ridge/Links_late_MinProb_ctr.csv, C:/Users/nourisa/Documents/testProjs/proteomics_MSC_Mg_model/scripts/../results/GRN/ridge/Links_late_MinProb_mg.csv, C:/Users/nourisa/Documents/testProjs/proteomics_MSC_Mg_model/scripts/../results/GRN/ridge/Links_late_KNN_ctr.csv, C:/Users/nourisa/Documents/testProjs/proteomics_MSC_Mg_model/scripts/../results/GRN/ridge/Links_late_KNN_mg.csv, C:/Users/nourisa/Documents/testProjs/proteomics_MSC_Mg_model/scripts/../results/GRN/portia/Links_early_MinProb_ctr.csv, C:/Users/nourisa/Documents/testProjs/proteomics_MSC_Mg_model/scripts/../results/GRN/portia/Links_early_MinProb_mg.csv, C:/Users/nourisa/Documents/testProjs/proteomics_MSC_Mg_model/scripts/../results/GRN/portia/Links_early_KNN_ctr.csv, C:/Users/nourisa/Documents/testProjs/proteomics_MSC_Mg_model/scripts/../results/GRN/portia/Links_early_KNN_mg.csv, C:/Users/nourisa/Documents/testProjs/proteomics_MSC_Mg_model/scripts/../results/GRN/portia/Links_late_MinProb_ctr.csv, C:/Users/nourisa/Documents/testProjs/proteomics_MSC_Mg_model/scripts/../results/GRN/portia/Links_late_MinProb_mg.csv, C:/Users/nourisa/Documents/testProjs/proteomics_MSC_Mg_model/scripts/../results/GRN/portia/Links_late_KNN_ctr.csv, C:/Users/nourisa/Documents/testProjs/proteomics_MSC_Mg_model/scripts/../results/GRN/portia/Links_late_KNN_mg.csv
    output: C:/Users/nourisa/Documents/testProjs/proteomics_MSC_Mg_model/scripts/../results/model_selection/baseline_scores/ep_scores_early_MinProb.csv, C:/Users/nourisa/Documents/testProjs/proteomics_MSC_Mg_model/scripts/../results/model_selection/baseline_scores/ep_scores_early_KNN.csv, C:/Users/nourisa/Documents/testProjs/proteomics_MSC_Mg_model/scripts/../results/model_selection/baseline_scores/ep_scores_late_MinProb.csv, C:/Users/nourisa/Documents/testProjs/proteomics_MSC_Mg_model/scripts/../results/model_selection/baseline_scores/ep_scores_late_KNN.csv
    shell:
        python scripts/model_selection/create_baseline_models.py --GRN_methods RF ridge portia --n_random_links 1000
        (one of the commands exited with non-zero exit code; note that snakemake uses bash strict mode!)

Terminating processes on user request, this might take some time.
Complete log: .snakemake\log\2023-04-10T143258.189375.snakemake.log
